The activation script must be sourced, otherwise the virtual environment will not work.
Setting vars
seed: 162
data loaded
validating...
Epoch: 001, Time: 59.173 s
	Train Loss: 15.3826786, Val MAE: 0.9227234
validating...
Epoch: 002, Time: 58.002 s
	Train Loss: 11.2712655, Val MAE: 0.9245502
validating...
Epoch: 003, Time: 57.705 s
	Train Loss: 11.2726213, Val MAE: 0.9310345
validating...
Epoch: 004, Time: 58.375 s
	Train Loss: 10.9660839, Val MAE: 0.7882098
validating...
Epoch: 005, Time: 57.502 s
	Train Loss: 10.1274029, Val MAE: 0.7064329
validating...
Epoch: 006, Time: 58.082 s
	Train Loss: 9.7203589, Val MAE: 0.7807387
validating...
Epoch: 007, Time: 58.312 s
	Train Loss: 9.3856765, Val MAE: 0.7685629
validating...
Epoch: 008, Time: 58.064 s
	Train Loss: 9.3920010, Val MAE: 0.7539650
validating...
Epoch: 009, Time: 58.206 s
	Train Loss: 9.2289368, Val MAE: 0.7268455
validating...
saving ...
Epoch: 010, Time: 57.850 s
	Train Loss: 8.9206901, Val MAE: 0.8311494
validating...
Epoch: 011, Time: 57.898 s
	Train Loss: 9.0525362, Val MAE: 0.7826549
validating...
Epoch: 012, Time: 58.081 s
	Train Loss: 9.0368027, Val MAE: 0.7745076
validating...
Epoch: 013, Time: 57.786 s
	Train Loss: 8.6435796, Val MAE: 0.7499369
validating...
Epoch: 014, Time: 58.155 s
	Train Loss: 8.7013052, Val MAE: 0.7397867
validating...
Epoch: 015, Time: 58.133 s
	Train Loss: 8.4986348, Val MAE: 0.7754001
validating...
Epoch: 016, Time: 57.550 s
	Train Loss: 8.4677704, Val MAE: 0.7387496
validating...
Epoch: 017, Time: 58.009 s
	Train Loss: 8.6694542, Val MAE: 0.7504888
validating...
Epoch: 018, Time: 57.843 s
	Train Loss: 9.0708646, Val MAE: 0.7272242
validating...
Epoch: 019, Time: 58.394 s
	Train Loss: 8.6217434, Val MAE: 0.7455166
validating...
saving ...
Epoch: 020, Time: 58.068 s
	Train Loss: 8.4551785, Val MAE: 0.7449659
validating...
Epoch: 021, Time: 57.684 s
	Train Loss: 8.2929084, Val MAE: 0.7396107
validating...
Epoch: 022, Time: 58.359 s
	Train Loss: 8.1732302, Val MAE: 0.7523416
validating...
Epoch: 023, Time: 57.587 s
	Train Loss: 8.1232311, Val MAE: 0.7436378
validating...
Epoch: 024, Time: 58.032 s
	Train Loss: 8.0594994, Val MAE: 0.7365553
validating...
Epoch: 025, Time: 57.808 s
	Train Loss: 8.1087899, Val MAE: 0.7478783
validating...
Epoch: 026, Time: 58.347 s
	Train Loss: 7.9783648, Val MAE: 0.7447090
validating...
Epoch: 027, Time: 58.497 s
	Train Loss: 7.9162826, Val MAE: 0.7383806
validating...
Epoch: 028, Time: 57.749 s
	Train Loss: 7.8995862, Val MAE: 0.7378855
validating...
Epoch: 029, Time: 58.086 s
	Train Loss: 7.8707915, Val MAE: 0.7462649
validating...
saving ...
Epoch: 030, Time: 57.574 s
	Train Loss: 7.8344811, Val MAE: 0.7370976
validating...
Epoch: 031, Time: 57.559 s
	Train Loss: 7.7746450, Val MAE: 0.7311692
validating...
Epoch: 032, Time: 57.161 s
	Train Loss: 7.7517980, Val MAE: 0.7346165
validating...
Epoch: 033, Time: 57.510 s
	Train Loss: 7.8350757, Val MAE: 0.7639984
validating...
Epoch: 034, Time: 58.399 s
	Train Loss: 7.6018471, Val MAE: 0.7484495
validating...
Epoch: 035, Time: 58.023 s
	Train Loss: 7.6175157, Val MAE: 0.7560998
validating...
Epoch: 036, Time: 58.492 s
	Train Loss: 7.5472488, Val MAE: 0.7390472
validating...
Epoch: 037, Time: 57.936 s
	Train Loss: 7.5199235, Val MAE: 0.7388314
validating...
Epoch: 038, Time: 58.273 s
	Train Loss: 7.4988467, Val MAE: 0.7365227
validating...
Epoch: 039, Time: 58.821 s
	Train Loss: 7.4862552, Val MAE: 0.7384021
validating...
saving ...
Epoch: 040, Time: 58.093 s
	Train Loss: 7.4569271, Val MAE: 0.7364723
validating...
Epoch: 041, Time: 58.123 s
	Train Loss: 7.4589778, Val MAE: 0.7344652
validating...
Epoch: 042, Time: 58.556 s
	Train Loss: 7.4282844, Val MAE: 0.7338983
validating...
Epoch: 043, Time: 58.209 s
	Train Loss: 7.4262617, Val MAE: 0.7345952
validating...
Epoch: 044, Time: 58.460 s
	Train Loss: 7.4122199, Val MAE: 0.7339049
validating...
Epoch: 045, Time: 58.018 s
	Train Loss: 7.4054220, Val MAE: 0.7337024
validating...
Epoch: 046, Time: 58.094 s
	Train Loss: 7.3946509, Val MAE: 0.7318603
validating...
Epoch: 047, Time: 57.919 s
	Train Loss: 7.3893913, Val MAE: 0.7313175
validating...
Epoch: 048, Time: 58.350 s
	Train Loss: 7.3795477, Val MAE: 0.7324526
validating...
Epoch: 049, Time: 58.916 s
	Train Loss: 7.3739110, Val MAE: 0.7308421
validating...
saving ...
Epoch: 050, Time: 58.268 s
	Train Loss: 7.3697163, Val MAE: 0.7298670
validating...
Epoch: 051, Time: 58.351 s
	Train Loss: 7.3636850, Val MAE: 0.7291274
validating...
Epoch: 052, Time: 58.356 s
	Train Loss: 7.3642454, Val MAE: 0.7310246
validating...
Epoch: 053, Time: 58.332 s
	Train Loss: 7.3550061, Val MAE: 0.7297978
validating...
Epoch: 054, Time: 58.839 s
	Train Loss: 7.3527565, Val MAE: 0.7289205
validating...
Epoch: 055, Time: 58.690 s
	Train Loss: 7.3516931, Val MAE: 0.7291920
validating...
Epoch: 056, Time: 58.928 s
	Train Loss: 7.3446681, Val MAE: 0.7294095
validating...
Epoch: 057, Time: 58.385 s
	Train Loss: 7.3437876, Val MAE: 0.7284265
validating...
Epoch: 058, Time: 58.798 s
	Train Loss: 7.3375661, Val MAE: 0.7287538
validating...
Epoch: 059, Time: 59.092 s
	Train Loss: 7.3393906, Val MAE: 0.7284850
validating...
saving ...
Epoch: 060, Time: 58.405 s
	Train Loss: 7.3360069, Val MAE: 0.7290430
validating...
Epoch: 061, Time: 58.587 s
	Train Loss: 7.3324536, Val MAE: 0.7284886
validating...
Epoch: 062, Time: 57.982 s
	Train Loss: 7.3293695, Val MAE: 0.7291862
validating...
Epoch: 063, Time: 58.715 s
	Train Loss: 7.3320448, Val MAE: 0.7283305
validating...
Epoch: 064, Time: 57.738 s
	Train Loss: 7.3293258, Val MAE: 0.7284080
validating...
Epoch: 065, Time: 57.655 s
	Train Loss: 7.3250786, Val MAE: 0.7282370
validating...
Epoch: 066, Time: 58.445 s
	Train Loss: 7.3256413, Val MAE: 0.7282700
validating...
Epoch: 067, Time: 57.881 s
	Train Loss: 7.3261274, Val MAE: 0.7279568
validating...
Epoch: 068, Time: 58.106 s
	Train Loss: 7.3212182, Val MAE: 0.7282036
validating...
Epoch: 069, Time: 57.987 s
	Train Loss: 7.3206622, Val MAE: 0.7277722
validating...
saving ...
Epoch: 070, Time: 58.615 s
	Train Loss: 7.3195901, Val MAE: 0.7277032
validating...
Epoch: 071, Time: 58.259 s
	Train Loss: 7.3172505, Val MAE: 0.7281590
validating...
Epoch: 072, Time: 57.927 s
	Train Loss: 7.3132703, Val MAE: 0.7267968
validating...
Epoch: 073, Time: 58.437 s
	Train Loss: 7.3188186, Val MAE: 0.7261029
validating...
Epoch: 074, Time: 58.270 s
	Train Loss: 7.3117835, Val MAE: 0.7264123
validating...
Epoch: 075, Time: 58.014 s
	Train Loss: 7.3091883, Val MAE: 0.7252113
validating...
Epoch: 076, Time: 58.081 s
	Train Loss: 7.3075646, Val MAE: 0.7252607
validating...
Epoch: 077, Time: 57.359 s
	Train Loss: 7.3039146, Val MAE: 0.7255061
validating...
Epoch: 078, Time: 57.809 s
	Train Loss: 7.3021989, Val MAE: 0.7252905
validating...
Epoch: 079, Time: 58.132 s
	Train Loss: 7.3011445, Val MAE: 0.7250506
validating...
saving ...
Epoch: 080, Time: 58.029 s
	Train Loss: 7.3018836, Val MAE: 0.7249497
validating...
Epoch: 081, Time: 57.658 s
	Train Loss: 7.2971149, Val MAE: 0.7245351
validating...
Epoch: 082, Time: 58.496 s
	Train Loss: 7.2967300, Val MAE: 0.7244773
validating...
Epoch: 083, Time: 57.633 s
	Train Loss: 7.2955678, Val MAE: 0.7245846
validating...
Epoch: 084, Time: 58.344 s
	Train Loss: 7.2976812, Val MAE: 0.7254062
validating...
Epoch: 085, Time: 58.260 s
	Train Loss: 7.2916947, Val MAE: 0.7240909
validating...
Epoch: 086, Time: 57.920 s
	Train Loss: 7.2902313, Val MAE: 0.7238040
validating...
Epoch: 087, Time: 57.957 s
	Train Loss: 7.2876823, Val MAE: 0.7245760
validating...
Epoch: 088, Time: 58.079 s
	Train Loss: 7.2884050, Val MAE: 0.7235959
validating...
Epoch: 089, Time: 58.151 s
	Train Loss: 7.2832962, Val MAE: 0.7247574
validating...
saving ...
Epoch: 090, Time: 57.574 s
	Train Loss: 7.2824395, Val MAE: 0.7243241
validating...
Epoch: 091, Time: 57.654 s
	Train Loss: 7.2813775, Val MAE: 0.7245047
validating...
Epoch: 092, Time: 58.042 s
	Train Loss: 7.2837677, Val MAE: 0.7239338
validating...
Epoch: 093, Time: 58.105 s
	Train Loss: 7.2768640, Val MAE: 0.7232091
validating...
Epoch: 094, Time: 57.434 s
	Train Loss: 7.2765982, Val MAE: 0.7228989
validating...
Epoch: 095, Time: 58.163 s
	Train Loss: 7.2739539, Val MAE: 0.7226069
validating...
Epoch: 096, Time: 58.147 s
	Train Loss: 7.2718606, Val MAE: 0.7230346
validating...
Epoch: 097, Time: 58.053 s
	Train Loss: 7.2714344, Val MAE: 0.7223162
validating...
Epoch: 098, Time: 57.781 s
	Train Loss: 7.2727144, Val MAE: 0.7223014
validating...
Epoch: 099, Time: 57.659 s
	Train Loss: 7.2736872, Val MAE: 0.7237671
validating...
saving ...
Epoch: 100, Time: 58.266 s
	Train Loss: 7.2737040, Val MAE: 0.7220075
	Test MAE 0.6460387551453037
seed: 272
data loaded
validating...
Epoch: 001, Time: 58.072 s
	Train Loss: 15.8789885, Val MAE: 0.9842678
validating...
Epoch: 002, Time: 58.646 s
	Train Loss: 11.2685107, Val MAE: 0.9314372
validating...
Epoch: 003, Time: 58.282 s
	Train Loss: 11.2673948, Val MAE: 0.9501146
validating...
Epoch: 004, Time: 58.188 s
	Train Loss: 11.2778777, Val MAE: 1.0175834
validating...
Epoch: 005, Time: 57.788 s
	Train Loss: 11.1386675, Val MAE: 0.9390490
validating...
Epoch: 006, Time: 58.134 s
	Train Loss: 10.1512969, Val MAE: 0.7023184
validating...
Epoch: 007, Time: 58.345 s
	Train Loss: 9.5537233, Val MAE: 0.7029681
validating...
Epoch: 008, Time: 58.432 s
	Train Loss: 9.2083313, Val MAE: 0.7210854
validating...
Epoch: 009, Time: 57.996 s
	Train Loss: 9.7699698, Val MAE: 0.8139028
validating...
saving ...
Epoch: 010, Time: 57.959 s
	Train Loss: 9.3152853, Val MAE: 0.9428808
validating...
Epoch: 011, Time: 57.603 s
	Train Loss: 9.1699166, Val MAE: 0.7598771
validating...
Epoch: 012, Time: 58.438 s
	Train Loss: 8.7771773, Val MAE: 0.7644593
validating...
Epoch: 013, Time: 57.720 s
	Train Loss: 8.9352762, Val MAE: 0.7561205
validating...
Epoch: 014, Time: 57.834 s
	Train Loss: 8.9050936, Val MAE: 0.8887604
validating...
Epoch: 015, Time: 58.367 s
	Train Loss: 9.0602597, Val MAE: 0.8579879
validating...
Epoch: 016, Time: 58.532 s
	Train Loss: 8.8984486, Val MAE: 0.7431728
validating...
Epoch: 017, Time: 58.524 s
	Train Loss: 8.5685332, Val MAE: 0.7432153
validating...
Epoch: 018, Time: 57.544 s
	Train Loss: 8.6408753, Val MAE: 0.8795089
validating...
Epoch: 019, Time: 58.522 s
	Train Loss: 8.2620589, Val MAE: 0.7412176
validating...
saving ...
Epoch: 020, Time: 58.421 s
	Train Loss: 8.5915325, Val MAE: 0.7544010
validating...
Epoch: 021, Time: 58.685 s
	Train Loss: 8.3218547, Val MAE: 0.7530641
validating...
Epoch: 022, Time: 58.513 s
	Train Loss: 8.3152181, Val MAE: 0.8326707
validating...
Epoch: 023, Time: 58.326 s
	Train Loss: 8.5092878, Val MAE: 0.7780145
validating...
Epoch: 024, Time: 58.544 s
	Train Loss: 8.1438249, Val MAE: 0.7402083
validating...
Epoch: 025, Time: 58.064 s
	Train Loss: 8.1101919, Val MAE: 0.8336125
validating...
Epoch: 026, Time: 58.430 s
	Train Loss: 8.0080340, Val MAE: 0.7499311
validating...
Epoch: 027, Time: 57.559 s
	Train Loss: 8.1347672, Val MAE: 0.7876221
validating...
Epoch: 028, Time: 58.252 s
	Train Loss: 7.9775797, Val MAE: 0.7560374
validating...
Epoch: 029, Time: 58.687 s
	Train Loss: 7.9753979, Val MAE: 0.7574233
validating...
saving ...
Epoch: 030, Time: 58.403 s
	Train Loss: 7.9666532, Val MAE: 0.7623470
validating...
Epoch: 031, Time: 59.015 s
	Train Loss: 7.8923235, Val MAE: 0.7579214
validating...
Epoch: 032, Time: 58.448 s
	Train Loss: 7.8776397, Val MAE: 0.7552798
validating...
Epoch: 033, Time: 58.473 s
	Train Loss: 7.8632057, Val MAE: 0.7522243
validating...
Epoch: 034, Time: 58.787 s
	Train Loss: 7.8503012, Val MAE: 0.7521206
validating...
Epoch: 035, Time: 58.217 s
	Train Loss: 7.8389732, Val MAE: 0.7554746
validating...
Epoch: 036, Time: 58.412 s
	Train Loss: 7.8198694, Val MAE: 0.7538652
validating...
Epoch: 037, Time: 58.494 s
	Train Loss: 7.7928926, Val MAE: 0.7564423
validating...
Epoch: 038, Time: 58.730 s
	Train Loss: 7.7859424, Val MAE: 0.7526405
validating...
Epoch: 039, Time: 58.164 s
	Train Loss: 7.7698888, Val MAE: 0.7489541
validating...
saving ...
Epoch: 040, Time: 57.776 s
	Train Loss: 7.7485444, Val MAE: 0.7476019
validating...
Epoch: 041, Time: 58.932 s
	Train Loss: 7.7527880, Val MAE: 0.7454898
validating...
Epoch: 042, Time: 58.109 s
	Train Loss: 7.7501240, Val MAE: 0.7473344
validating...
Epoch: 043, Time: 59.006 s
	Train Loss: 7.7235287, Val MAE: 0.7454501
validating...
Epoch: 044, Time: 58.510 s
	Train Loss: 7.7260499, Val MAE: 0.7445990
validating...
Epoch: 045, Time: 58.272 s
	Train Loss: 7.7226989, Val MAE: 0.7445150
validating...
Epoch: 046, Time: 57.903 s
	Train Loss: 7.7128262, Val MAE: 0.7435121
validating...
Epoch: 047, Time: 58.138 s
	Train Loss: 7.7065378, Val MAE: 0.7449008
validating...
Epoch: 048, Time: 58.113 s
	Train Loss: 7.7025846, Val MAE: 0.7423268
validating...
Epoch: 049, Time: 57.868 s
	Train Loss: 7.6935300, Val MAE: 0.7451456
validating...
saving ...
Epoch: 050, Time: 57.914 s
	Train Loss: 7.6891514, Val MAE: 0.7422983
validating...
Epoch: 051, Time: 57.958 s
	Train Loss: 7.6818730, Val MAE: 0.7420901
validating...
Epoch: 052, Time: 58.055 s
	Train Loss: 7.6817409, Val MAE: 0.7416817
validating...
Epoch: 053, Time: 58.425 s
	Train Loss: 7.6815908, Val MAE: 0.7436880
validating...
Epoch: 054, Time: 57.554 s
	Train Loss: 7.6779439, Val MAE: 0.7434580
validating...
Epoch: 055, Time: 58.291 s
	Train Loss: 7.6714891, Val MAE: 0.7411026
validating...
Epoch: 056, Time: 57.997 s
	Train Loss: 7.6650161, Val MAE: 0.7414647
validating...
Epoch: 057, Time: 57.739 s
	Train Loss: 7.6693316, Val MAE: 0.7409592
validating...
Epoch: 058, Time: 57.801 s
	Train Loss: 7.6678806, Val MAE: 0.7400935
validating...
Epoch: 059, Time: 57.628 s
	Train Loss: 7.6595793, Val MAE: 0.7401576
validating...
saving ...
Epoch: 060, Time: 57.584 s
	Train Loss: 7.6570748, Val MAE: 0.7401499
validating...
Epoch: 061, Time: 57.762 s
	Train Loss: 7.6563829, Val MAE: 0.7398072
validating...
Epoch: 062, Time: 58.012 s
	Train Loss: 7.6542105, Val MAE: 0.7397404
validating...
Epoch: 063, Time: 58.312 s
	Train Loss: 7.6588925, Val MAE: 0.7390893
validating...
Epoch: 064, Time: 57.703 s
	Train Loss: 7.6500123, Val MAE: 0.7401194
validating...
Epoch: 065, Time: 58.402 s
	Train Loss: 7.6547487, Val MAE: 0.7406526
validating...
Epoch: 066, Time: 58.191 s
	Train Loss: 7.6491322, Val MAE: 0.7393966
validating...
Epoch: 067, Time: 57.821 s
	Train Loss: 7.6470941, Val MAE: 0.7394875
validating...
Epoch: 068, Time: 57.785 s
	Train Loss: 7.6475027, Val MAE: 0.7390378
validating...
Epoch: 069, Time: 58.426 s
	Train Loss: 7.6467292, Val MAE: 0.7389399
validating...
saving ...
Epoch: 070, Time: 58.286 s
	Train Loss: 7.6449767, Val MAE: 0.7399491
validating...
Epoch: 071, Time: 58.155 s
	Train Loss: 7.6427254, Val MAE: 0.7386210
validating...
Epoch: 072, Time: 58.182 s
	Train Loss: 7.6414837, Val MAE: 0.7381788
validating...
Epoch: 073, Time: 57.744 s
	Train Loss: 7.6398144, Val MAE: 0.7382189
validating...
Epoch: 074, Time: 57.975 s
	Train Loss: 7.6374516, Val MAE: 0.7377173
validating...
Epoch: 075, Time: 57.575 s
	Train Loss: 7.6376821, Val MAE: 0.7383352
validating...
Epoch: 076, Time: 58.778 s
	Train Loss: 7.6348312, Val MAE: 0.7380063
validating...
Epoch: 077, Time: 58.515 s
	Train Loss: 7.6347553, Val MAE: 0.7373579
validating...
