The activation script must be sourced, otherwise the virtual environment will not work.
Setting vars
seed: 388
data loaded
validating...
saving ...
Epoch: 001, Time: 58.354 s
	Train Loss: 14.6705518, Val MAE: 0.9610299
validating...
Epoch: 002, Time: 58.171 s
	Train Loss: 11.2733712, Val MAE: 0.9856880
validating...
Epoch: 003, Time: 57.142 s
	Train Loss: 11.2897257, Val MAE: 0.9975866
validating...
saving ...
Epoch: 004, Time: 57.778 s
	Train Loss: 11.2862179, Val MAE: 0.9344194
validating...
Epoch: 005, Time: 58.187 s
	Train Loss: 10.7909674, Val MAE: 0.9473550
validating...
saving ...
Epoch: 006, Time: 57.830 s
	Train Loss: 9.5098890, Val MAE: 0.8046605
validating...
saving ...
Epoch: 007, Time: 59.417 s
	Train Loss: 9.5328313, Val MAE: 0.7283824
validating...
Epoch: 008, Time: 57.446 s
	Train Loss: 9.4405997, Val MAE: 1.0066376
validating...
saving ...
Epoch: 009, Time: 58.241 s
	Train Loss: 9.0851595, Val MAE: 0.7254643
validating...
Epoch: 010, Time: 58.566 s
	Train Loss: 9.2230827, Val MAE: 0.7409814
validating...
saving ...
Epoch: 011, Time: 57.572 s
	Train Loss: 8.9754966, Val MAE: 0.7225183
validating...
Epoch: 012, Time: 58.368 s
	Train Loss: 8.9455694, Val MAE: 0.7235938
validating...
saving ...
Epoch: 013, Time: 59.097 s
	Train Loss: 8.6295317, Val MAE: 0.7178017
validating...
Epoch: 014, Time: 58.190 s
	Train Loss: 8.1236485, Val MAE: 0.7386934
validating...
Epoch: 015, Time: 58.094 s
	Train Loss: 8.1986630, Val MAE: 0.9503745
validating...
Epoch: 016, Time: 58.333 s
	Train Loss: 8.9061505, Val MAE: 0.7968149
validating...
Epoch: 017, Time: 58.664 s
	Train Loss: 9.1207011, Val MAE: 0.7587988
validating...
Epoch: 018, Time: 57.524 s
	Train Loss: 8.4097133, Val MAE: 0.7282127
validating...
Epoch: 019, Time: 57.944 s
	Train Loss: 8.4578028, Val MAE: 0.7528330
validating...
saving ...
Epoch: 020, Time: 57.937 s
	Train Loss: 8.0418112, Val MAE: 0.6920652
validating...
Epoch: 021, Time: 58.143 s
	Train Loss: 8.3423320, Val MAE: 0.7384231
validating...
Epoch: 022, Time: 58.305 s
	Train Loss: 9.3752028, Val MAE: 0.7664595
validating...
Epoch: 023, Time: 58.560 s
	Train Loss: 8.7441240, Val MAE: 0.7171446
validating...
Epoch: 024, Time: 57.686 s
	Train Loss: 8.4020614, Val MAE: 0.7132854
validating...
Epoch: 025, Time: 57.955 s
	Train Loss: 8.5017903, Val MAE: 0.7034190
validating...
Epoch: 026, Time: 58.148 s
	Train Loss: 8.3047882, Val MAE: 0.7415535
validating...
Epoch: 027, Time: 58.481 s
	Train Loss: 8.4604667, Val MAE: 0.7591258
validating...
Epoch: 028, Time: 58.595 s
	Train Loss: 8.9748972, Val MAE: 0.7750813
validating...
Epoch: 029, Time: 57.999 s
	Train Loss: 8.1925052, Val MAE: 0.6994234
validating...
Epoch: 030, Time: 58.117 s
	Train Loss: 8.1357643, Val MAE: 0.7065897
validating...
Epoch: 031, Time: 58.543 s
	Train Loss: 8.0986009, Val MAE: 0.7123493
validating...
Epoch: 032, Time: 58.727 s
	Train Loss: 8.0165791, Val MAE: 0.7246881
validating...
Epoch: 033, Time: 58.114 s
	Train Loss: 8.2784781, Val MAE: 0.6983331
validating...
Epoch: 034, Time: 58.384 s
	Train Loss: 8.0215675, Val MAE: 0.7187682
validating...
Epoch: 035, Time: 58.748 s
	Train Loss: 8.0291668, Val MAE: 0.6985030
validating...
Epoch: 036, Time: 58.278 s
	Train Loss: 8.0385375, Val MAE: 0.8725538
validating...
Epoch: 037, Time: 58.806 s
	Train Loss: 7.9791414, Val MAE: 0.7104394
validating...
Epoch: 038, Time: 58.689 s
	Train Loss: 7.8212427, Val MAE: 0.7029808
validating...
Epoch: 039, Time: 58.535 s
	Train Loss: 7.7882380, Val MAE: 0.6972260
validating...
Epoch: 040, Time: 58.744 s
	Train Loss: 7.7494044, Val MAE: 0.7150371
validating...
Epoch: 041, Time: 58.491 s
	Train Loss: 7.6157771, Val MAE: 0.6937345
validating...
Epoch: 042, Time: 58.708 s
	Train Loss: 7.8071004, Val MAE: 0.6939126
validating...
saving ...
Epoch: 043, Time: 58.607 s
	Train Loss: 7.5672976, Val MAE: 0.6883385
validating...
Epoch: 044, Time: 58.315 s
	Train Loss: 7.4695733, Val MAE: 0.6884540
validating...
Epoch: 045, Time: 58.120 s
	Train Loss: 7.3808699, Val MAE: 0.7002869
validating...
Epoch: 046, Time: 59.058 s
	Train Loss: 7.2941437, Val MAE: 0.7050406
validating...
Epoch: 047, Time: 58.156 s
	Train Loss: 7.2844215, Val MAE: 0.7000506
validating...
Epoch: 048, Time: 58.401 s
	Train Loss: 7.4752291, Val MAE: 0.7056600
validating...
Epoch: 049, Time: 58.743 s
	Train Loss: 7.1793240, Val MAE: 0.7093470
validating...
saving ...
Epoch: 050, Time: 58.830 s
	Train Loss: 7.1140482, Val MAE: 0.6859089
validating...
Epoch: 051, Time: 58.748 s
	Train Loss: 7.0292780, Val MAE: 0.6965692
validating...
Epoch: 052, Time: 58.671 s
	Train Loss: 7.0197425, Val MAE: 0.6864595
validating...
saving ...
Epoch: 053, Time: 58.516 s
	Train Loss: 6.9687979, Val MAE: 0.6802019
validating...
Epoch: 054, Time: 59.151 s
	Train Loss: 6.9496605, Val MAE: 0.6931465
validating...
Epoch: 055, Time: 58.943 s
	Train Loss: 6.9015116, Val MAE: 0.6802643
validating...
Epoch: 056, Time: 58.477 s
	Train Loss: 6.8967631, Val MAE: 0.7049976
validating...
Epoch: 057, Time: 58.884 s
	Train Loss: 6.8076150, Val MAE: 0.6833032
validating...
Epoch: 058, Time: 58.690 s
	Train Loss: 6.7559077, Val MAE: 0.6853472
validating...
Epoch: 059, Time: 59.159 s
	Train Loss: 6.7158275, Val MAE: 0.6848976
validating...
Epoch: 060, Time: 58.563 s
	Train Loss: 6.6767380, Val MAE: 0.7111558
validating...
Epoch: 061, Time: 58.626 s
	Train Loss: 6.6494611, Val MAE: 0.6821758
validating...
Epoch: 062, Time: 58.462 s
	Train Loss: 6.5989470, Val MAE: 0.6820220
validating...
Epoch: 063, Time: 58.359 s
	Train Loss: 6.5922897, Val MAE: 0.6938921
validating...
Epoch: 064, Time: 58.810 s
	Train Loss: 6.5669057, Val MAE: 0.6823319
validating...
Epoch: 065, Time: 57.955 s
	Train Loss: 6.5317583, Val MAE: 0.6951112
validating...
Epoch: 066, Time: 57.552 s
	Train Loss: 6.5157428, Val MAE: 0.6807148
validating...
Epoch: 067, Time: 57.871 s
	Train Loss: 6.5028904, Val MAE: 0.6805731
validating...
saving ...
Epoch: 068, Time: 58.315 s
	Train Loss: 6.4962797, Val MAE: 0.6799591
validating...
saving ...
Epoch: 069, Time: 58.325 s
	Train Loss: 6.4641081, Val MAE: 0.6786184
validating...
Epoch: 070, Time: 58.104 s
	Train Loss: 6.4493766, Val MAE: 0.6814101
validating...
Epoch: 071, Time: 58.392 s
	Train Loss: 6.4430286, Val MAE: 0.6845811
validating...
Epoch: 072, Time: 58.071 s
	Train Loss: 6.4523168, Val MAE: 0.6912972
validating...
Epoch: 073, Time: 58.150 s
	Train Loss: 6.4231305, Val MAE: 0.6787032
validating...
Epoch: 074, Time: 58.248 s
	Train Loss: 6.4013638, Val MAE: 0.6796123
validating...
saving ...
Epoch: 075, Time: 58.275 s
	Train Loss: 6.3857649, Val MAE: 0.6771298
validating...
Epoch: 076, Time: 57.748 s
	Train Loss: 6.3880440, Val MAE: 0.6793556
validating...
Epoch: 077, Time: 58.697 s
	Train Loss: 6.3641056, Val MAE: 0.6810604
validating...
Epoch: 078, Time: 58.131 s
	Train Loss: 6.3642157, Val MAE: 0.6819365
validating...
Epoch: 079, Time: 58.541 s
	Train Loss: 6.3486247, Val MAE: 0.6786106
validating...
saving ...
Epoch: 080, Time: 58.214 s
	Train Loss: 6.3240299, Val MAE: 0.6766535
validating...
Epoch: 081, Time: 58.621 s
	Train Loss: 6.3278964, Val MAE: 0.6785130
validating...
Epoch: 082, Time: 57.826 s
	Train Loss: 6.3227523, Val MAE: 0.6829449
validating...
saving ...
Epoch: 083, Time: 58.485 s
	Train Loss: 6.3115573, Val MAE: 0.6760862
validating...
saving ...
Epoch: 084, Time: 57.860 s
	Train Loss: 6.3016519, Val MAE: 0.6759344
validating...
Epoch: 085, Time: 56.888 s
	Train Loss: 6.2958125, Val MAE: 0.6785416
validating...
saving ...
Epoch: 086, Time: 58.278 s
	Train Loss: 6.2904590, Val MAE: 0.6759309
validating...
Epoch: 087, Time: 58.168 s
	Train Loss: 6.2845281, Val MAE: 0.6806483
validating...
Epoch: 088, Time: 58.132 s
	Train Loss: 6.2760903, Val MAE: 0.6770287
validating...
saving ...
Epoch: 089, Time: 58.118 s
	Train Loss: 6.2661985, Val MAE: 0.6752143
validating...
saving ...
Epoch: 090, Time: 59.090 s
	Train Loss: 6.2521005, Val MAE: 0.6750177
validating...
saving ...
Epoch: 091, Time: 58.134 s
	Train Loss: 6.2565883, Val MAE: 0.6742962
validating...
Epoch: 092, Time: 58.108 s
	Train Loss: 6.2413478, Val MAE: 0.6757301
validating...
Epoch: 093, Time: 58.115 s
	Train Loss: 6.2476045, Val MAE: 0.6750402
validating...
Epoch: 094, Time: 57.054 s
	Train Loss: 6.2408236, Val MAE: 0.6768738
validating...
Epoch: 095, Time: 58.478 s
	Train Loss: 6.2346121, Val MAE: 0.6804639
validating...
Epoch: 096, Time: 58.032 s
	Train Loss: 6.2261949, Val MAE: 0.6773042
validating...
saving ...
Epoch: 097, Time: 58.132 s
	Train Loss: 6.2290807, Val MAE: 0.6741026
validating...
Epoch: 098, Time: 58.313 s
	Train Loss: 6.2110654, Val MAE: 0.6744100
validating...
Epoch: 099, Time: 58.579 s
	Train Loss: 6.2138668, Val MAE: 0.6784566
validating...
Epoch: 100, Time: 58.333 s
	Train Loss: 6.2068609, Val MAE: 0.6742115
	Test MAE 0.598719060114066
seed: 425
data loaded
validating...
saving ...
Epoch: 001, Time: 58.221 s
	Train Loss: 15.0739270, Val MAE: 1.0480292
validating...
saving ...
Epoch: 002, Time: 58.119 s
	Train Loss: 11.2670554, Val MAE: 0.9611801
validating...
saving ...
Epoch: 003, Time: 58.083 s
	Train Loss: 10.9398728, Val MAE: 0.7955782
validating...
Epoch: 004, Time: 57.728 s
	Train Loss: 10.0500052, Val MAE: 0.8160840
validating...
saving ...
Epoch: 005, Time: 58.315 s
	Train Loss: 9.5685395, Val MAE: 0.7518655
validating...
Epoch: 006, Time: 57.465 s
	Train Loss: 9.5013026, Val MAE: 0.8456237
validating...
Epoch: 007, Time: 57.940 s
	Train Loss: 9.1582404, Val MAE: 0.8225630
validating...
Epoch: 008, Time: 57.837 s
	Train Loss: 8.9934384, Val MAE: 0.7994237
validating...
saving ...
Epoch: 009, Time: 58.124 s
	Train Loss: 8.8305668, Val MAE: 0.7319823
validating...
Epoch: 010, Time: 57.268 s
	Train Loss: 9.1030253, Val MAE: 0.7539269
validating...
Epoch: 011, Time: 57.923 s
	Train Loss: 8.8618050, Val MAE: 0.7409479
validating...
Epoch: 012, Time: 57.795 s
	Train Loss: 8.8307644, Val MAE: 1.1857543
validating...
Epoch: 013, Time: 58.159 s
	Train Loss: 9.5931079, Val MAE: 0.7339422
validating...
Epoch: 014, Time: 57.686 s
	Train Loss: 8.9252890, Val MAE: 0.7405315
validating...
Epoch: 015, Time: 58.322 s
	Train Loss: 8.7383653, Val MAE: 0.7667230
validating...
saving ...
Epoch: 016, Time: 58.073 s
	Train Loss: 8.5834714, Val MAE: 0.7113399
validating...
Epoch: 017, Time: 58.522 s
	Train Loss: 8.7226288, Val MAE: 0.7257308
validating...
Epoch: 018, Time: 58.231 s
	Train Loss: 8.6854570, Val MAE: 0.7291577
validating...
Epoch: 019, Time: 57.301 s
	Train Loss: 8.2495339, Val MAE: 0.7325904
validating...
Epoch: 020, Time: 58.046 s
	Train Loss: 8.4693645, Val MAE: 0.7430096
validating...
Epoch: 021, Time: 58.004 s
	Train Loss: 7.9966197, Val MAE: 0.7176055
validating...
Epoch: 022, Time: 58.410 s
	Train Loss: 7.8629856, Val MAE: 0.7501558
