The activation script must be sourced, otherwise the virtual environment will not work.
Setting vars
data loaded
validating...
Epoch: 001, Time: 58.560 s
	Train Loss: 14.5029499, Val MAE: 0.9707058
validating...
Epoch: 002, Time: 57.491 s
	Train Loss: 11.2700746, Val MAE: 0.9764800
validating...
Epoch: 003, Time: 58.173 s
	Train Loss: 11.2695455, Val MAE: 0.9288009
validating...
Epoch: 004, Time: 57.730 s
	Train Loss: 11.0479155, Val MAE: 0.7793672
validating...
Epoch: 005, Time: 57.570 s
	Train Loss: 10.1499294, Val MAE: 0.7311713
validating...
Epoch: 006, Time: 57.213 s
	Train Loss: 9.6618625, Val MAE: 0.8602363
validating...
Epoch: 007, Time: 57.631 s
	Train Loss: 9.2948734, Val MAE: 0.8506998
validating...
Epoch: 008, Time: 57.448 s
	Train Loss: 9.4520199, Val MAE: 0.7586928
validating...
Epoch: 009, Time: 57.806 s
	Train Loss: 9.1998385, Val MAE: 0.9974780
validating...
Epoch: 010, Time: 58.090 s
	Train Loss: 8.9174049, Val MAE: 0.9515061
validating...
Epoch: 011, Time: 58.234 s
	Train Loss: 8.8139952, Val MAE: 0.7734560
validating...
Epoch: 012, Time: 57.810 s
	Train Loss: 9.0325852, Val MAE: 0.7234432
validating...
Epoch: 013, Time: 57.098 s
	Train Loss: 8.8106980, Val MAE: 0.7592340
validating...
Epoch: 014, Time: 57.203 s
	Train Loss: 8.8045091, Val MAE: 0.7888814
validating...
Epoch: 015, Time: 57.827 s
	Train Loss: 8.6243838, Val MAE: 0.7732219
validating...
Epoch: 016, Time: 58.515 s
	Train Loss: 8.9784142, Val MAE: 0.7596136
validating...
Epoch: 017, Time: 57.829 s
	Train Loss: 8.5707731, Val MAE: 0.7487010
validating...
Epoch: 018, Time: 57.723 s
	Train Loss: 8.5030093, Val MAE: 0.7077461
validating...
Epoch: 019, Time: 57.574 s
	Train Loss: 8.2824429, Val MAE: 0.6914971
validating...
Epoch: 020, Time: 58.088 s
	Train Loss: 8.2080276, Val MAE: 0.7442785
validating...
Epoch: 021, Time: 57.455 s
	Train Loss: 8.0294853, Val MAE: 0.6933701
validating...
Epoch: 022, Time: 57.535 s
	Train Loss: 7.9469195, Val MAE: 0.7255338
validating...
Epoch: 023, Time: 57.489 s
	Train Loss: 8.2384575, Val MAE: 0.7866043
validating...
Epoch: 024, Time: 57.858 s
	Train Loss: 8.1413206, Val MAE: 0.7479412
validating...
Epoch: 025, Time: 57.674 s
	Train Loss: 7.8988494, Val MAE: 0.7250078
validating...
Epoch: 026, Time: 57.512 s
	Train Loss: 7.7955986, Val MAE: 0.7069101
validating...
Epoch: 027, Time: 57.982 s
	Train Loss: 7.7360511, Val MAE: 0.6966114
validating...
Epoch: 028, Time: 57.758 s
	Train Loss: 7.6358918, Val MAE: 0.7370463
validating...
Epoch: 029, Time: 57.247 s
	Train Loss: 7.5536528, Val MAE: 0.7046852
validating...
Epoch: 030, Time: 57.210 s
	Train Loss: 7.4457580, Val MAE: 0.6954351
validating...
Epoch: 031, Time: 58.006 s
	Train Loss: 7.2987967, Val MAE: 0.7077515
validating...
Epoch: 032, Time: 57.641 s
	Train Loss: 7.2108746, Val MAE: 0.6958252
validating...
Epoch: 033, Time: 58.742 s
	Train Loss: 7.2215583, Val MAE: 0.7051346
validating...
Epoch: 034, Time: 57.679 s
	Train Loss: 7.0792443, Val MAE: 0.6881870
validating...
Epoch: 035, Time: 58.058 s
	Train Loss: 7.1234817, Val MAE: 0.6946213
validating...
Epoch: 036, Time: 57.826 s
	Train Loss: 7.2170175, Val MAE: 0.7080423
validating...
Epoch: 037, Time: 58.537 s
	Train Loss: 6.9686439, Val MAE: 0.6842250
validating...
Epoch: 038, Time: 58.204 s
	Train Loss: 6.9400804, Val MAE: 0.6814115
validating...
Epoch: 039, Time: 58.436 s
	Train Loss: 6.8741619, Val MAE: 0.6860540
validating...
Epoch: 040, Time: 57.104 s
	Train Loss: 6.8690625, Val MAE: 0.6866373
validating...
Epoch: 041, Time: 57.999 s
	Train Loss: 6.7924602, Val MAE: 0.6858664
validating...
Epoch: 042, Time: 58.394 s
	Train Loss: 6.7713210, Val MAE: 0.6877986
validating...
Epoch: 043, Time: 63.467 s
	Train Loss: 6.7214448, Val MAE: 0.6736781
validating...
Epoch: 044, Time: 57.732 s
	Train Loss: 6.6811326, Val MAE: 0.6744240
validating...
Epoch: 045, Time: 58.635 s
	Train Loss: 6.6483841, Val MAE: 0.6697331
validating...
Epoch: 046, Time: 57.554 s
	Train Loss: 6.6280000, Val MAE: 0.6770186
validating...
Epoch: 047, Time: 58.361 s
	Train Loss: 6.5922235, Val MAE: 0.6699651
validating...
Epoch: 048, Time: 57.889 s
	Train Loss: 6.5940274, Val MAE: 0.6740860
validating...
Epoch: 049, Time: 58.249 s
	Train Loss: 6.5483571, Val MAE: 0.6717807
validating...
Epoch: 050, Time: 58.749 s
	Train Loss: 6.5197559, Val MAE: 0.6686233
validating...
Epoch: 051, Time: 58.381 s
	Train Loss: 6.4956880, Val MAE: 0.6681524
validating...
Epoch: 052, Time: 57.446 s
	Train Loss: 6.4773336, Val MAE: 0.6724014
validating...
Epoch: 053, Time: 58.431 s
	Train Loss: 6.4911048, Val MAE: 0.6726144
validating...
Epoch: 054, Time: 59.078 s
	Train Loss: 6.4491483, Val MAE: 0.6761107
validating...
Epoch: 055, Time: 57.890 s
	Train Loss: 6.4393494, Val MAE: 0.6723862
validating...
Epoch: 056, Time: 57.625 s
	Train Loss: 6.3975044, Val MAE: 0.6633172
validating...
Epoch: 057, Time: 58.614 s
	Train Loss: 6.3897502, Val MAE: 0.6653177
validating...
Epoch: 058, Time: 58.358 s
	Train Loss: 6.3678311, Val MAE: 0.6644155
validating...
Epoch: 059, Time: 58.515 s
	Train Loss: 6.3809693, Val MAE: 0.6685696
validating...
Epoch: 060, Time: 58.155 s
	Train Loss: 6.3603438, Val MAE: 0.6649668
validating...
Epoch: 061, Time: 58.751 s
	Train Loss: 6.3314906, Val MAE: 0.6640143
validating...
Epoch: 062, Time: 58.383 s
	Train Loss: 6.3173872, Val MAE: 0.6636164
validating...
Epoch: 063, Time: 58.600 s
	Train Loss: 6.3058314, Val MAE: 0.6632214
validating...
Epoch: 064, Time: 58.461 s
	Train Loss: 6.2977384, Val MAE: 0.6580839
validating...
Epoch: 065, Time: 58.717 s
	Train Loss: 6.2990175, Val MAE: 0.6584602
validating...
Epoch: 066, Time: 57.092 s
	Train Loss: 6.2824026, Val MAE: 0.6575355
validating...
Epoch: 067, Time: 57.315 s
	Train Loss: 6.2726798, Val MAE: 0.6581609
validating...
Epoch: 068, Time: 58.091 s
	Train Loss: 6.2568159, Val MAE: 0.6570758
validating...
Epoch: 069, Time: 58.464 s
	Train Loss: 6.2551658, Val MAE: 0.6613749
validating...
Epoch: 070, Time: 57.722 s
	Train Loss: 6.2354854, Val MAE: 0.6630883
validating...
Epoch: 071, Time: 57.995 s
	Train Loss: 6.2400632, Val MAE: 0.6631072
validating...
Epoch: 072, Time: 57.701 s
	Train Loss: 6.2150117, Val MAE: 0.6586068
validating...
Epoch: 073, Time: 57.821 s
	Train Loss: 6.1966983, Val MAE: 0.6570989
validating...
Epoch: 074, Time: 58.100 s
	Train Loss: 6.1769003, Val MAE: 0.6588359
validating...
Epoch: 075, Time: 58.115 s
	Train Loss: 6.1736734, Val MAE: 0.6562692
validating...
Epoch: 076, Time: 58.187 s
	Train Loss: 6.1553482, Val MAE: 0.6560380
validating...
Epoch: 077, Time: 57.849 s
	Train Loss: 6.1454927, Val MAE: 0.6575198
validating...
Epoch: 078, Time: 58.141 s
	Train Loss: 6.1390020, Val MAE: 0.6582794
validating...
Epoch: 079, Time: 58.367 s
	Train Loss: 6.1236728, Val MAE: 0.6563168
validating...
Epoch: 080, Time: 57.772 s
	Train Loss: 6.1110796, Val MAE: 0.6570856
validating...
Epoch: 081, Time: 58.064 s
	Train Loss: 6.0972417, Val MAE: 0.6559624
validating...
Epoch: 082, Time: 57.990 s
	Train Loss: 6.0968947, Val MAE: 0.6567834
validating...
Epoch: 083, Time: 57.857 s
	Train Loss: 6.0782809, Val MAE: 0.6566112
validating...
Epoch: 084, Time: 58.118 s
	Train Loss: 6.0747575, Val MAE: 0.6548788
validating...
Epoch: 085, Time: 57.762 s
	Train Loss: 6.0670409, Val MAE: 0.6539450
validating...
Epoch: 086, Time: 57.874 s
	Train Loss: 6.0549963, Val MAE: 0.6527058
validating...
Epoch: 087, Time: 57.928 s
	Train Loss: 6.0563272, Val MAE: 0.6521341
validating...
Epoch: 088, Time: 57.453 s
	Train Loss: 6.0432026, Val MAE: 0.6525220
validating...
Epoch: 089, Time: 58.250 s
	Train Loss: 6.0406185, Val MAE: 0.6521187
validating...
Epoch: 090, Time: 57.963 s
	Train Loss: 6.0430015, Val MAE: 0.6544792
validating...
Epoch: 091, Time: 57.494 s
	Train Loss: 6.0280277, Val MAE: 0.6533195
validating...
Epoch: 092, Time: 57.504 s
	Train Loss: 6.0123237, Val MAE: 0.6505988
validating...
Epoch: 093, Time: 57.944 s
	Train Loss: 6.0061632, Val MAE: 0.6507724
validating...
Epoch: 094, Time: 57.814 s
	Train Loss: 6.0065980, Val MAE: 0.6536450
validating...
Epoch: 095, Time: 57.959 s
	Train Loss: 5.9969237, Val MAE: 0.6520022
validating...
Epoch: 096, Time: 57.725 s
	Train Loss: 6.0016013, Val MAE: 0.6513317
validating...
Epoch: 097, Time: 57.525 s
	Train Loss: 5.9839562, Val MAE: 0.6512309
validating...
Epoch: 098, Time: 57.788 s
	Train Loss: 5.9767759, Val MAE: 0.6510998
validating...
Epoch: 099, Time: 57.836 s
	Train Loss: 5.9799698, Val MAE: 0.6497873
validating...
Epoch: 100, Time: 57.676 s
	Train Loss: 5.9729489, Val MAE: 0.6502370
